{"level":"info","message":"Image uploaded!","timestamp":"2024-05-20T11:22:15.896Z"}
{"level":"info","message":"Image uploaded!","timestamp":"2024-05-20T11:29:28.040Z"}
{"level":"info","message":"Image uploaded!","timestamp":"2024-05-20T11:30:15.632Z"}
{"level":"info","message":"Image uploaded!","timestamp":"2024-05-20T12:49:51.611Z"}
{"level":"info","message":"Image uploaded!","timestamp":"2024-05-20T12:49:54.599Z"}
{"level":"info","message":"Image uploaded!","timestamp":"2024-05-20T12:49:57.453Z"}
{"level":"info","message":"Image uploaded!","timestamp":"2024-05-20T12:50:18.139Z"}
{"level":"info","message":"Image uploaded!","timestamp":"2024-05-20T12:50:20.863Z"}
{"level":"info","message":"Image uploaded!","timestamp":"2024-05-20T12:50:23.868Z"}
{"level":"info","message":"Image uploaded!","timestamp":"2024-05-20T12:50:26.670Z"}
{"level":"info","message":"Image uploaded!","timestamp":"2024-05-20T12:50:29.515Z"}
{"level":"info","message":"Image uploaded!","timestamp":"2024-05-20T12:50:32.548Z"}
{"level":"info","message":"Image uploaded!","timestamp":"2024-07-11T09:17:09.329Z"}
{"level":"info","message":"Image uploaded!","timestamp":"2024-07-11T09:17:23.594Z"}
{"level":"info","message":"Image uploaded!","timestamp":"2024-07-11T09:17:40.881Z"}
{"level":"info","message":"Image uploaded!","timestamp":"2024-07-11T09:17:46.060Z"}
{"level":"info","message":"Image uploaded!","timestamp":"2024-07-11T09:17:51.163Z"}
{"level":"info","message":"Image uploaded!","timestamp":"2024-07-11T09:17:56.153Z"}
{"level":"info","message":"Image uploaded!","timestamp":"2024-07-11T09:18:01.344Z"}
{"level":"info","message":"Image uploaded!","timestamp":"2024-07-11T09:44:57.587Z"}
{"level":"info","message":"Image uploaded!","timestamp":"2024-07-11T09:45:02.508Z"}
{"level":"info","message":"Image uploaded!","timestamp":"2024-07-11T09:45:07.342Z"}
{"level":"error","message":"Error adding product:","timestamp":"2024-07-12T09:42:15.873Z"}
{"level":"info","message":"Product added successfully","timestamp":"2024-07-12T09:42:35.779Z"}
{"level":"info","message":"Product added successfully","timestamp":"2024-07-12T09:43:05.184Z"}
{"level":"info","message":"Product added successfully","timestamp":"2024-07-12T09:43:21.967Z"}
{"level":"info","message":"Product added successfully","timestamp":"2024-07-12T09:43:41.861Z"}
{"level":"info","message":"Product added successfully","timestamp":"2024-07-12T09:43:54.464Z"}
{"level":"info","message":"Product added successfully","timestamp":"2024-07-12T09:44:20.683Z"}
{"level":"info","message":"Product added successfully","timestamp":"2024-07-12T09:44:34.298Z"}
{"level":"info","message":"Product added successfully","timestamp":"2024-07-12T09:44:48.627Z"}
{"level":"info","message":"Product added successfully","timestamp":"2024-07-12T09:45:21.008Z"}
{"level":"info","message":"Product added successfully","timestamp":"2024-07-12T09:45:35.776Z"}
{"level":"info","message":"Product added successfully","timestamp":"2024-07-12T09:45:46.167Z"}
{"level":"info","message":"Product added successfully","timestamp":"2024-07-12T09:46:01.573Z"}
{"level":"error","message":"Product not found:","timestamp":"2024-07-12T09:51:20.566Z"}
{"level":"error","message":"Error updating product:","timestamp":"2024-07-12T09:51:20.567Z"}
{"buffer":{"data":[102,144,251,89,174,22,155,171,215,218,133,165],"type":"Buffer"},"level":"info","message":"Product updated successfully:","timestamp":"2024-07-12T09:53:42.980Z"}
{"buffer":{"data":[102,144,251,89,174,22,155,171,215,218,133,165],"type":"Buffer"},"level":"info","message":"Product updated successfully:","timestamp":"2024-07-12T09:53:56.400Z"}
{"level":"info","message":"Product successfully marked as sold:","timestamp":"2024-07-12T09:54:25.012Z"}
{"level":"info","message":"Product successfully marked as sold:","timestamp":"2024-07-12T09:54:37.334Z"}
{"level":"info","message":"Product successfully marked as online again:","timestamp":"2024-07-12T09:56:54.433Z"}
{"level":"info","message":"Product added successfully","timestamp":"2024-07-12T10:43:44.560Z"}
{"level":"info","message":"Product added successfully","timestamp":"2024-07-12T10:43:52.612Z"}
{"level":"info","message":"Product added successfully","timestamp":"2024-07-12T10:44:00.637Z"}
{"level":"info","message":"Product added successfully","timestamp":"2024-07-12T12:50:07.567Z"}
{"level":"info","message":"Product added successfully","timestamp":"2024-07-12T12:50:19.375Z"}
{"level":"info","message":"Product added successfully","timestamp":"2024-07-12T12:50:32.329Z"}
{"level":"info","message":"Product added successfully","timestamp":"2024-07-12T12:50:49.046Z"}
{"level":"info","message":"Product added successfully","timestamp":"2024-07-12T12:51:28.042Z"}
{"level":"info","message":"Product added successfully","timestamp":"2024-07-12T12:51:55.364Z"}
{"level":"info","message":"Product added successfully","timestamp":"2024-07-12T12:52:07.396Z"}
{"level":"info","message":"Product added successfully","timestamp":"2024-07-12T12:52:35.140Z"}
{"level":"info","message":"Product added successfully","timestamp":"2024-07-12T12:52:51.980Z"}
{"level":"info","message":"Product added successfully","timestamp":"2024-07-12T12:53:14.435Z"}
{"level":"info","message":"Product added successfully","timestamp":"2024-07-12T12:53:24.457Z"}
{"level":"info","message":"Product added successfully","timestamp":"2024-07-12T12:53:43.818Z"}
{"level":"info","message":"Product added successfully","timestamp":"2024-07-12T12:54:45.116Z"}
{"level":"info","message":"Product added successfully","timestamp":"2024-07-12T12:55:24.158Z"}
{"level":"info","message":"Product added successfully","timestamp":"2024-07-12T12:55:46.014Z"}
{"level":"info","message":"Product added successfully","timestamp":"2024-07-12T12:56:03.778Z"}
{"level":"info","message":"Product added successfully","timestamp":"2024-07-12T12:56:37.979Z"}
{"level":"info","message":"Product added successfully","timestamp":"2024-07-12T12:57:23.045Z"}
{"level":"info","message":"Product added successfully","timestamp":"2024-07-12T12:57:36.642Z"}
{"level":"info","message":"Product added successfully","timestamp":"2024-07-12T12:57:49.588Z"}
{"level":"info","message":"Product added successfully","timestamp":"2024-07-12T12:58:05.016Z"}
{"level":"info","message":"Product added successfully","timestamp":"2024-07-12T12:58:32.358Z"}
{"level":"info","message":"Product added successfully","timestamp":"2024-07-12T12:59:41.564Z"}
{"level":"info","message":"Product added successfully","timestamp":"2024-07-12T12:59:51.755Z"}
{"level":"info","message":"Product added successfully","timestamp":"2024-07-12T13:00:16.408Z"}
{"level":"info","message":"Product added successfully","timestamp":"2024-07-12T13:00:31.424Z"}
{"level":"info","message":"Product added successfully","timestamp":"2024-07-12T13:00:50.613Z"}
{"level":"info","message":"Product added successfully","timestamp":"2024-07-12T13:01:05.278Z"}
{"level":"info","message":"Product added successfully","timestamp":"2024-07-12T13:01:37.231Z"}
{"level":"info","message":"Product added successfully","timestamp":"2024-07-12T13:01:51.775Z"}
{"level":"info","message":"Product added successfully","timestamp":"2024-07-12T13:02:01.650Z"}
{"level":"info","message":"Product added successfully","timestamp":"2024-07-12T13:02:12.763Z"}
{"level":"info","message":"Product added successfully","timestamp":"2024-07-12T13:02:25.476Z"}
{"level":"info","message":"Product added successfully","timestamp":"2024-07-12T13:02:54.698Z"}
{"level":"info","message":"Product added successfully","timestamp":"2024-07-12T13:03:10.878Z"}
{"level":"info","message":"Product added successfully","timestamp":"2024-07-12T13:03:21.131Z"}
{"level":"info","message":"Product added successfully","timestamp":"2024-07-12T13:03:33.597Z"}
{"level":"info","message":"Product added successfully","timestamp":"2024-07-12T13:03:42.499Z"}
{"level":"info","message":"Product added successfully","timestamp":"2024-07-12T13:03:59.729Z"}
{"level":"info","message":"Product added successfully","timestamp":"2024-07-12T13:04:31.259Z"}
{"level":"info","message":"Product added successfully","timestamp":"2024-07-12T13:04:43.186Z"}
{"level":"info","message":"Product added successfully","timestamp":"2024-07-12T13:05:09.063Z"}
{"level":"info","message":"Product added successfully","timestamp":"2024-07-12T13:05:22.325Z"}
{"level":"info","message":"Product added successfully","timestamp":"2024-07-12T13:05:43.584Z"}
{"level":"info","message":"Product added successfully","timestamp":"2024-07-12T13:05:59.296Z"}
{"level":"info","message":"Product added successfully","timestamp":"2024-07-12T13:07:00.088Z"}
{"level":"info","message":"Product added successfully","timestamp":"2024-07-12T13:07:11.313Z"}
{"level":"info","message":"Product added successfully","timestamp":"2024-07-12T13:07:23.711Z"}
{"level":"info","message":"Product added successfully","timestamp":"2024-07-12T13:07:45.665Z"}
{"level":"info","message":"Product added successfully","timestamp":"2024-07-12T13:08:42.697Z"}
{"level":"info","message":"Product added successfully","timestamp":"2024-07-12T13:09:14.956Z"}
{"level":"info","message":"Product added successfully","timestamp":"2024-07-12T13:09:46.989Z"}
{"level":"info","message":"Product added successfully","timestamp":"2024-07-12T13:11:46.989Z"}
{"level":"info","message":"Product added successfully","timestamp":"2024-07-12T13:12:46.433Z"}
{"level":"info","message":"Product added successfully","timestamp":"2024-07-12T13:12:55.974Z"}
{"level":"info","message":"Product added successfully","timestamp":"2024-07-12T13:13:04.831Z"}
{"level":"info","message":"Product added successfully","timestamp":"2024-07-12T13:13:14.966Z"}
{"level":"info","message":"Product added successfully","timestamp":"2024-07-12T13:13:25.512Z"}
{"level":"info","message":"Product added successfully","timestamp":"2024-07-12T13:13:50.334Z"}
{"level":"info","message":"Product added successfully","timestamp":"2024-07-12T13:14:01.532Z"}
{"level":"info","message":"Product added successfully","timestamp":"2024-07-12T13:14:16.998Z"}
{"level":"info","message":"Product added successfully","timestamp":"2024-07-12T13:14:48.346Z"}
